<?xml version="1.0" encoding="UTF-8"?>
<!-- Generated by org.testng.reporters.JUnitReportReporter -->
<testsuite hostname="RafeulLaptop" failures="0" tests="1" name="example.NewTest" time="1.847" errors="0" timestamp="2022-08-24T01:14:37 EDT" skipped="0">
  <testcase classname="example.NewTest" name="testEasy" time="1.847"/>
  <system-out/>
</testsuite> <!-- example.NewTest -->
